<?xml version="1.0" encoding="UTF-8"?>
<!-- Generated by org.testng.reporters.JUnitReportReporter -->
<testsuite skipped="0" hostname="MSI" name="com.gaurav.testscripts.TC01" tests="1" failures="0" timestamp="23 Sep 2017 03:15:52 GMT" time="1.022" errors="0">
  <testcase name="verifyGetCountries" time="1.022" classname="com.gaurav.testscripts.TC01"/>
</testsuite> <!-- com.gaurav.testscripts.TC01 -->
